6.1502  0.0571316
5.56288  0.054692
5.56288  0.054692
5.52197  0.0529277
5.97859  0.0498902
5.64127  0.0566233
5.56563  0.0646786
5.64127  0.0566233
5.60225  0.0641681
5.60616  0.0549509
5.44638  0.057348
5.63259  0.0561889
5.35209  0.0554617
5.43435  0.0533469
5.82866  0.0617964
5.81238  0.0619202
5.48085  0.0557004
5.42036  0.0524928
5.74632  0.0588806
5.74566  0.0584932
5.36162  0.0496163
5.39731  0.0546312
5.50829  0.0602462
5.56424  0.054682
5.52919  0.0586814
5.5149  0.0563609
5.55213  0.0573539
5.65019  0.056117
5.75954  0.0647055
5.62454  0.0581638
5.59213  0.0574972
5.48261  0.0570791
5.56533  0.0587643
5.42687  0.0544793
5.55575  0.0576832
5.54866  0.0582565
5.35885  0.0528906
5.5919  0.0585364
5.585  0.058921
5.5931  0.0604209
5.40519  0.0533691
5.43656  0.0558819
5.50574  0.0572526
5.43405  0.0541978
5.70846  0.0637864
5.29317  0.050561
5.70467  0.0639096
5.66162  0.0625927
5.56288  0.054692
6.1502  0.0571316
5.56288  0.054692
5.52197  0.0529277
5.64127  0.0566233
5.64127  0.0566233
5.97859  0.0498902
5.56563  0.0646786
5.60616  0.0549509
5.60225  0.0641681
5.44638  0.057348
5.63259  0.0561889
5.43435  0.0533469
5.82866  0.0617964
5.35209  0.0554617
5.81238  0.0619202
5.42036  0.0524928
5.74632  0.0588806
5.48085  0.0557004
5.74566  0.0584932
5.50829  0.0602462
5.36162  0.0496163
5.56424  0.054682
5.39731  0.0546312
5.55213  0.0573539
5.65019  0.056117
5.52919  0.0586814
5.5149  0.0563609
5.75954  0.0647055
5.62454  0.0581638
5.59213  0.0574972
5.48261  0.0570791
5.55575  0.0576832
5.56533  0.0587643
5.54866  0.0582565
5.42687  0.0544793
5.585  0.058921
5.35885  0.0528906
5.5931  0.0604209
5.5919  0.0585364
5.50574  0.0572526
5.43656  0.0558819
5.43405  0.0541978
5.40519  0.0533691
5.70467  0.0639096
5.29317  0.050561
5.70846  0.0637864
5.66162  0.0625927
5.52547  0.0594483
5.60829  0.060743
5.57814  0.058178
5.69187  0.0632329
5.51907  0.0570649
5.43884  0.0536745
5.50559  0.0560424
5.36154  0.051657
5.50837  0.0607011
5.43013  0.0580893
5.53924  0.0571555
5.62106  0.0620343
5.59634  0.0625721
5.54577  0.060053
5.4355  0.0540346
5.27758  0.0499703
5.53725  0.0558236
5.52837  0.0599891
5.52996  0.0585355
5.50495  0.0554657
5.55079  0.0613685
5.4069  0.0537768
5.19564  0.0452006
5.53828  0.0607027
5.46314  0.0561827
5.59345  0.0602805
5.48014  0.0527513
5.48451  0.0563885
5.25604  0.0478676
5.51977  0.0559115
5.4746  0.0570514
5.3387  0.0523342
5.47586  0.0568488
5.285  0.0495784
5.26039  0.0499712
5.42831  0.053173
5.43862  0.0538593
5.8555  0.0724456
5.48374  0.0566874
5.82308  0.0711671
5.58498  0.0600145
5.60608  0.0591964
5.41261  0.0554949
5.27561  0.0489826
5.56348  0.0607597
5.61552  0.0615586
5.59992  0.0624665
5.49879  0.0571081
5.55925  0.0555369
5.66264  0.0655447
5.49533  0.0560378
5.54652  0.056199
5.33657  0.048015
5.56556  0.0575471
5.64169  0.0609446
5.48849  0.0568147
5.78811  0.0657158
5.65626  0.0623205
5.36093  0.0523388
5.68442  0.0636308
5.23104  0.0485046
5.22681  0.0472775
5.44907  0.0539157
5.58929  0.0606576
5.40862  0.0534525
5.63427  0.0593002
5.3739  0.0532085
5.43664  0.0546443
5.46697  0.0578869
5.54783  0.0570942
5.55614  0.0576499
5.44453  0.0560255
5.33945  0.0507202
5.43309  0.0542993
5.28779  0.0484861
5.36294  0.0525451
5.56491  0.0572131
5.63706  0.061715
5.56447  0.0606413
5.56318  0.0567287
5.49639  0.0584897
5.61718  0.0596766
5.65188  0.0628164
5.45473  0.0567719
5.65773  0.0631638
5.66975  0.0653648
5.57321  0.0623256
5.54667  0.0605925
5.57441  0.0576917
5.35376  0.0493927
5.5375  0.0562216
5.41031  0.052702
5.69079  0.0640162
5.49921  0.058572
5.48664  0.0584766
5.31683  0.0508443
5.4914  0.0581616
5.59671  0.0586925
5.32103  0.0491974
5.57004  0.0572687
5.54748  0.0612183
5.40073  0.0526338
5.43844  0.0558085
5.67885  0.0633491
5.52857  0.0552698
5.34794  0.0516104
5.61551  0.0618774
5.66557  0.0645069
5.50497  0.0595067
5.49042  0.055999
5.49746  0.0561705
5.51208  0.0558965
5.54404  0.0564789
5.69245  0.065381
5.50411  0.058108
5.4144  0.0525052
5.60366  0.0608324
5.46114  0.055292
5.63717  0.0611617
5.47616  0.057173
5.50491  0.0560697
5.64253  0.0608923
5.69987  0.062811
5.72715  0.0642693
5.54155  0.0583755
5.60439  0.0605869
5.83944  0.0684178
5.79911  0.0671802
5.76016  0.064242
5.60547  0.0637719
5.58945  0.0605375
5.48481  0.0561475
5.63558  0.0634953
5.52262  0.0579466
5.31249  0.0516571
5.27952  0.0490631
5.33843  0.0519927
5.69307  0.0664775
5.35956  0.0508455
5.37909  0.0514382
5.66579  0.062523
5.40524  0.0538877
5.52389  0.0572655
5.69246  0.0641548
5.3408  0.0515245
5.53868  0.0571648
5.51052  0.0560303
5.54331  0.0579308
5.41172  0.0556229
5.46375  0.0575546
5.34792  0.0512646
5.4074  0.0548752
