5.08161
4.62542
4.62542
4.5008
5.08161
4.62542
4.47167
4.62542
4.47167
4.62542
4.47167
4.62542
4.47167
4.47167
4.62542
4.62542
4.47167
4.47167
4.62542
4.62542
4.47167
4.47167
4.47167
4.62542
4.47167
4.47167
4.47167
4.62542
4.47167
4.47167
4.47167
4.47167
4.47167
4.47167
4.47167
4.47167
4.47167
4.47167
4.47167
4.47167
4.47167
4.47167
4.47167
4.47167
4.47167
4.47167
4.47167
4.47167
4.62542
5.08161
4.62542
4.5008
4.62542
4.62542
5.08161
4.47167
4.62542
4.47167
4.47167
4.62542
4.47167
4.62542
4.47167
4.62542
4.47167
4.62542
4.47167
4.62542
4.47167
4.47167
4.62542
4.47167
4.47167
4.62542
4.47167
4.47167
4.47167
4.47167
4.47167
4.47167
4.47167
4.47167
4.47167
4.47167
4.47167
4.47167
4.47167
4.47167
4.47167
4.47167
4.47167
4.47167
4.47167
4.47167
4.47167
4.47167
4.47167
4.47167
4.47167
4.47167
4.47167
4.47167
4.47167
4.47167
4.47167
4.47167
4.47167
4.47167
4.47167
4.47167
4.47167
4.47167
4.47167
4.47167
4.47167
4.47167
4.47167
4.47167
4.47167
4.47167
4.47167
4.47167
4.47167
4.47167
4.47167
4.47167
4.47167
4.47167
4.47167
4.47167
4.47167
4.47167
4.47167
4.47167
4.47167
4.47167
4.47167
4.47167
4.47167
4.47167
4.47167
4.47167
4.47167
4.47167
4.47167
4.47167
4.47167
4.47167
4.47167
4.47167
4.47167
4.47167
4.47167
4.47167
4.47167
4.47167
4.47167
4.47167
4.47167
4.47167
4.47167
4.47167
4.47167
4.47167
4.47167
4.47167
4.47167
4.47167
4.47167
4.47167
4.47167
4.47167
4.47167
4.47167
4.47167
4.47167
4.47167
4.47167
4.47167
4.47167
4.47167
4.47167
4.47167
4.47167
4.47167
4.47167
4.47167
4.47167
4.47167
4.47167
4.47167
4.47167
4.47167
4.47167
4.47167
4.47167
4.47167
4.47167
4.47167
4.47167
4.47167
4.47167
4.47167
4.47167
4.47167
4.47167
4.47167
4.47167
4.47167
4.47167
4.47167
4.47167
4.47167
4.47167
4.47167
4.47167
4.47167
4.47167
4.47167
4.47167
4.47167
4.47167
4.47167
4.47167
4.47167
4.47167
4.47167
4.47167
4.47167
4.47167
4.47167
4.47167
4.47167
4.47167
4.47167
4.47167
4.47167
4.47167
4.47167
4.47167
4.47167
4.47167
4.47167
4.47167
4.47167
4.47167
4.47167
4.47167
