1.11803 0.5 0.143636 0.000335363
1.11803 0.5 0.144248 0.000283696
1.11803 0.5 0.144306 0.000336014
1.11803 0.5 0.144165 0.000270516
1.11803 0.5 0.144259 0.000401028
1.11803 0.5 0.143767 0.00032003
1.11803 0.5 0.144721 0.000335451
1.11803 0.5 0.144719 0.000293972
1.11803 0.5 0.144033 0.000337312
1.11803 0.5 0.144199 0.000327694
1.11803 0.5 0.144155 0.000297529
1.11803 0.5 0.144044 0.000341455
1.11803 0.5 0.144235 0.000329605
1.11803 0.5 0.144872 0.000367471
1.11803 0.5 0.143805 0.000346226
1.11803 0.5 0.144628 0.000299478
1.11803 0.5 0.143882 0.000328922
1.11803 0.5 0.14505 0.000278896
1.11803 0.5 0.144151 0.000335167
1.11803 0.5 0.143636 0.000335363
1.11803 0.5 0.144248 0.000283696
1.11803 0.5 0.144306 0.000336014
1.11803 0.5 0.144165 0.000270516
1.11803 0.5 0.144259 0.000401028
1.11803 0.5 0.143767 0.00032003
1.11803 0.5 0.144721 0.000335451
1.11803 0.5 0.144719 0.000293972
1.11803 0.5 0.144033 0.000337312
1.11803 0.5 0.144199 0.000327694
1.11803 0.5 0.144155 0.000297529
1.11803 0.5 0.144044 0.000341455
1.11803 0.5 0.144235 0.000329605
1.11803 0.5 0.144872 0.000367471
1.11803 0.5 0.143805 0.000346226
1.11803 0.5 0.144628 0.000299478
1.11803 0.5 0.143882 0.000328922
1.11803 0.5 0.14505 0.000278896
1.11803 0.5 0.144151 0.000335167
