1.38531e-258 2.63154e-157 4.00971e+88 -nan 9.82392e+253 -nan 3.65106e+234 -nan 3.44201e+176 -nan 7.01444e-08 -nan 1.35765e+244 -nan 1.17519e+181 -nan 2.44141e-151 3.21894e-160 8.42241e+253 -nan 3.44201e+176 -nan 7.01444e-08 -nan 5.98158e-153 -nan 4.93418e+258 -nan 2.91979e+258 -nan 1.49876e+162 -nan 1.9156e-08 -nan 1.15506e-21 4.37231e-30 3.63599e+46 2.35755e+38 2.2556e-152 2.63678e-157 2.44561e-153 2.63154e-157 3.76165e+234 -nan 3.12068e+234 -nan 5.98158e-153 2.63154e-157 4.93418e+258 -nan 7.49737e+248 -nan 5.98158e-153 4.26978e-161 4.93418e+258 -nan 1.2409e+215 -nan 5.55846e-310 2.63154e-157 387.08 29.9634 6264.12 345.157 34111.9 1915.19 101165 5654.9 194185 11072.4 288196 16759.7 352724 20513 391075 22265.3 397372 23007.3 399471 22929.3 380526 21663.2 350810 20644.9 336878 19532.1 308735 17718.1 280204 15978.8 272138 15435.3 258010 14840.7 237778 13699.8 233293 13187.7 234954 13331.4 232334 13513 220427 12678.1 219662 12628.6 218064 12509.7 229417 13306.5 233215 13667.2 241242 13746.2 246629 14377.4 251639 14662.4 274281 15683.9 276526 16140.7 291570 16778.9 310885 17806 319685 18379 354203 20427.8 380535 21881.9 405842 23595.9 448126 26108.8 478068 27483.5 517976 29538.9 552217 32013.7 576841 33302.7 605798 35168.6 630917 36457.3 664397 38295.9 682865 39503.3 -nan -nan 711138 41427 739678 42198.5 746563 42832.6 755593 42942.9 761403 43483.2 763693 43453.3 766293 43710.9 770575 43894.8 764050 43498.9 755663 43142.6 755122 43099.5 747978 43040.2 755128 43513.7 761412 43767.5 774634 44663 776549 44840.2 796600 46065.8 799024 46953.2 817819 47627.5 0 0 0 2.22276e-162 -nan -nan 6.95263e-312 0 
1.38531e-258 2.62661e-157 
4.00971e+88 -nan 
9.82392e+253 -nan 
3.65106e+234 -nan 
3.44201e+176 -nan 
7.01444e-08 -nan 
1.35765e+244 -nan 
1.17519e+181 -nan 
2.44141e-151 3.21894e-160 
8.42241e+253 -nan 
3.44201e+176 -nan 
7.01444e-08 -nan 
5.98158e-153 -nan 
4.93418e+258 -nan 
2.91979e+258 -nan 
1.49876e+162 -nan 
1.9156e-08 -nan 
1.15506e-21 4.37231e-30 
3.63599e+46 2.35755e+38 
2.2556e-152 2.63678e-157 
2.44561e-153 2.62661e-157 
3.76165e+234 -nan 
3.12068e+234 -nan 
5.98158e-153 2.62661e-157 
4.93418e+258 -nan 
7.49737e+248 -nan 
5.98158e-153 4.26978e-161 
4.93418e+258 -nan 
1.2409e+215 -nan 
5.55846e-310 2.62661e-157 
387.08 29.9634 
6264.12 345.157 
34111.9 1915.19 
101165 5654.9 
194185 11072.4 
288196 16759.7 
352724 20513 
391075 22265.3 
397372 23007.3 
399471 22929.3 
380526 21663.2 
350810 20644.9 
336878 19532.1 
308735 17718.1 
280204 15978.8 
1.07435e+67 -nan 
258010 14840.7 
237778 13699.8 
233293 13187.7 
234954 13331.4 
232334 13513 
220427 3.27773e+32 
219662 12628.6 
218064 12509.7 
229417 13306.5 
233215 13667.2 
241242 13746.2 
246629 14377.4 
251639 14662.4 
274281 15683.9 
276526 16140.7 
291570 16778.9 
310885 17806 
319685 18379 
354203 20427.8 
380535 21881.9 
405842 23595.9 
448126 3.27773e+32 
478068 27483.5 
517976 29538.9 
552217 32013.7 
576841 33302.7 
605798 35168.6 
630917 36457.3 
664397 38295.9 
682865 39503.3 
-nan -nan 
711138 41427 
739678 42198.5 
746563 42832.6 
755593 42942.9 
761403 43483.2 
763693 43453.3 
766293 43710.9 
770575 43894.8 
764050 43498.9 
755663 43142.6 
755122 43099.5 
747978 43040.2 
755128 43513.7 
761412 43767.5 
774634 44663 
776549 44840.2 
796600 46065.8 
799024 46953.2 
1.07435e+67 -nan 
0 0 
0 2.22276e-162 
-nan -nan 
6.95261e-312 0 
1.37146e-258 2.63039e-157 
3.96961e+88 3.98961e+86 
9.72568e+253 -nan 
3.61455e+234 -nan 
3.40759e+176 -nan 
-0.0647855 -nan 
1.34407e+244 -nan 
1.16344e+181 -nan 
2.417e-151 2.42918e-153 
8.33819e+253 -nan 
3.40759e+176 -nan 
6.94429e-08 6.97928e-10 
5.92176e-153 5.95159e-155 
4.88484e+258 -nan 
2.8906e+258 -nan 
1.48377e+162 -nan 
1.89645e-08 1.906e-10 
1.14351e-21 1.14927e-23 
3.59963e+46 3.61777e+44 
2.23305e-152 2.2443e-154 
2.42115e-153 2.43349e-155 
3.72403e+234 -nan 
3.08947e+234 -nan 
5.92176e-153 5.95165e-155 
4.88484e+258 -nan 
7.42239e+248 -nan 
5.92176e-153 5.95159e-155 
4.88484e+258 -nan 
1.22849e+215 -nan 
5.50288e-310 2.63039e-157 
377.08 29.5672 
6144.32 345.899 
33439.5 1915.73 
99188.3 5659.55 
190361 11076.1 
282500 16761.7 
345723 20510.2 
383355 22269.5 
389437 22995.7 
391531 22924.1 
373003 21665.2 
343729 20621.6 
330124 19517.7 
302523 17700.8 
274596 15968.2 
4.03444e+252 -nan 
252870 14835.4 
232984 13684.6 
228709 13193.9 
230350 13339.9 
227743 13514.7 
216015 2.00859e+125 
215315 12628.9 
213774 12514.7 
224875 13306.7 
228589 13666 
236518 13755.4 
241738 14376.2 
246637 14659.1 
268895 15691.7 
271006 16133.1 
285761 16772.7 
304763 17811.9 
313363 18380.4 
347212 20431.6 
372996 21881.2 
397685 23575 
439190 2.00859e+125 
468567 27477.6 
507713 29537.9 
541232 32005 
565289 33280 
593593 35131.9 
618280 36432.1 
651143 38278.8 
669173 39473.6 
-nan -nan 
696877 41395.9 
725045 42200.8 
731755 42828.3 
740743 42962.5 
746329 43483.8 
748542 43448.3 
751094 43706.5 
755421 43913 
748994 43511.8 
740758 43152.8 
740198 43104.6 
733117 43031.6 
740055 43492.8 
746260 43754.6 
759244 44654.1 
761162 44838.4 
780742 46051.1 
783000 46918.4 
4.03444e+252 -nan 
0 0 
0 2.22276e-162 
-nan -nan 
6.95301e-312 0 
